<?xml version="1.0" encoding="UTF-8"?>
<testng-results ignored="0" total="2" passed="2" failed="0" skipped="0">
  <reporter-output>
    <line>
      <![CDATA[passed............]]>
    </line>
    <line>
      <![CDATA[passed............]]>
    </line>
  </reporter-output>
  <suite started-at="2026-09-05T22:48:36 IST" name="Suite" finished-at="2026-09-05T22:48:46 IST" duration-ms="9748">
    <groups>
    </groups>
    <test started-at="2026-09-05T22:48:36 IST" name="Test" finished-at="2026-09-05T22:48:46 IST" duration-ms="9748">
      <class name="may_30_testcases.C_May_30_loginPage">
        <test-method is-config="true" signature="launchApplication1()[pri:0, instance:may_30_testcases.C_May_30_loginPage@6e171cd7]" started-at="2026-09-05T22:48:36 IST" name="launchApplication1" finished-at="2026-09-05T22:48:38 IST" duration-ms="1450" status="PASS">
          <reporter-output>
          </reporter-output>
        </test-method> <!-- launchApplication1 -->
        <test-method signature="loginPage()[pri:0, instance:may_30_testcases.C_May_30_loginPage@6e171cd7]" started-at="2026-09-05T22:48:38 IST" name="loginPage" finished-at="2026-09-05T22:48:39 IST" duration-ms="1736" status="PASS">
          <reporter-output>
            <line>
              <![CDATA[passed............]]>
            </line>
          </reporter-output>
        </test-method> <!-- loginPage -->
        <test-method is-config="true" signature="tearDown()[pri:0, instance:may_30_testcases.C_May_30_loginPage@6e171cd7]" started-at="2026-09-05T22:48:40 IST" name="tearDown" finished-at="2026-09-05T22:48:40 IST" duration-ms="159" status="PASS">
          <reporter-output>
          </reporter-output>
        </test-method> <!-- tearDown -->
      </class> <!-- may_30_testcases.C_May_30_loginPage -->
      <class name="may_30_testcases.E_June_4_add_to_cart">
        <test-method is-config="true" signature="launchApplication1()[pri:0, instance:may_30_testcases.E_June_4_add_to_cart@79924b]" started-at="2026-09-05T22:48:40 IST" name="launchApplication1" finished-at="2026-09-05T22:48:41 IST" duration-ms="1051" status="PASS">
          <reporter-output>
          </reporter-output>
        </test-method> <!-- launchApplication1 -->
        <test-method signature="addToCart()[pri:0, instance:may_30_testcases.E_June_4_add_to_cart@79924b]" started-at="2026-09-05T22:48:41 IST" name="addToCart" finished-at="2026-09-05T22:48:46 IST" duration-ms="4652" status="PASS">
          <reporter-output>
            <line>
              <![CDATA[passed............]]>
            </line>
          </reporter-output>
        </test-method> <!-- addToCart -->
        <test-method is-config="true" signature="tearDown()[pri:0, instance:may_30_testcases.E_June_4_add_to_cart@79924b]" started-at="2026-09-05T22:48:46 IST" name="tearDown" finished-at="2026-09-05T22:48:46 IST" duration-ms="241" status="PASS">
          <reporter-output>
          </reporter-output>
        </test-method> <!-- tearDown -->
      </class> <!-- may_30_testcases.E_June_4_add_to_cart -->
    </test> <!-- Test -->
  </suite> <!-- Suite -->
</testng-results>
