<?xml version="1.0" encoding="UTF-8"?>
<testng-results ignored="0" total="2" passed="2" failed="0" skipped="0">
  <reporter-output>
  </reporter-output>
  <suite started-at="2026-01-19T00:07:11 IST" name="Suite" finished-at="2026-01-19T00:07:32 IST" duration-ms="20305">
    <groups>
    </groups>
    <test started-at="2026-01-19T00:07:11 IST" name="Test" finished-at="2026-01-19T00:07:32 IST" duration-ms="20305">
      <class name="may_30_testcases.C_May_30_loginPage">
        <test-method is-config="true" signature="launchApplication1()[pri:0, instance:may_30_testcases.C_May_30_loginPage@1ab3a8c8]" started-at="2026-01-19T00:07:11 IST" name="launchApplication1" finished-at="2026-01-19T00:07:15 IST" duration-ms="3668" status="PASS">
          <reporter-output>
          </reporter-output>
        </test-method> <!-- launchApplication1 -->
        <test-method signature="loginPage()[pri:0, instance:may_30_testcases.C_May_30_loginPage@1ab3a8c8]" started-at="2026-01-19T00:07:15 IST" name="loginPage" finished-at="2026-01-19T00:07:21 IST" duration-ms="5639" status="PASS">
          <reporter-output>
          </reporter-output>
        </test-method> <!-- loginPage -->
        <test-method is-config="true" signature="tearDown()[pri:0, instance:may_30_testcases.C_May_30_loginPage@1ab3a8c8]" started-at="2026-01-19T00:07:21 IST" name="tearDown" finished-at="2026-01-19T00:07:21 IST" duration-ms="581" status="PASS">
          <reporter-output>
          </reporter-output>
        </test-method> <!-- tearDown -->
      </class> <!-- may_30_testcases.C_May_30_loginPage -->
      <class name="may_30_testcases.E_June_4_add_to_cart">
        <test-method is-config="true" signature="launchApplication1()[pri:0, instance:may_30_testcases.E_June_4_add_to_cart@4466af20]" started-at="2026-01-19T00:07:21 IST" name="launchApplication1" finished-at="2026-01-19T00:07:24 IST" duration-ms="3197" status="PASS">
          <reporter-output>
          </reporter-output>
        </test-method> <!-- launchApplication1 -->
        <test-method signature="addToCart()[pri:0, instance:may_30_testcases.E_June_4_add_to_cart@4466af20]" started-at="2026-01-19T00:07:24 IST" name="addToCart" finished-at="2026-01-19T00:07:31 IST" duration-ms="6720" status="PASS">
          <reporter-output>
          </reporter-output>
        </test-method> <!-- addToCart -->
        <test-method is-config="true" signature="tearDown()[pri:0, instance:may_30_testcases.E_June_4_add_to_cart@4466af20]" started-at="2026-01-19T00:07:31 IST" name="tearDown" finished-at="2026-01-19T00:07:32 IST" duration-ms="443" status="PASS">
          <reporter-output>
          </reporter-output>
        </test-method> <!-- tearDown -->
      </class> <!-- may_30_testcases.E_June_4_add_to_cart -->
    </test> <!-- Test -->
  </suite> <!-- Suite -->
</testng-results>
