<?xml version="1.0" encoding="UTF-8"?>
<testng-results ignored="0" total="1" passed="1" failed="0" skipped="0">
  <reporter-output>
  </reporter-output>
  <suite started-at="2026-04-04T19:31:00 IST" name="Default suite" finished-at="2026-04-04T19:31:07 IST" duration-ms="6644">
    <groups>
    </groups>
    <test started-at="2026-04-04T19:31:00 IST" name="Default test" finished-at="2026-04-04T19:31:07 IST" duration-ms="6644">
      <class name="June_10.A02_fluent_wait">
        <test-method signature="Search()[pri:0, instance:June_10.A02_fluent_wait@7770f470]" started-at="2026-04-04T19:31:01 IST" name="Search" finished-at="2026-04-04T19:31:07 IST" duration-ms="6584" status="PASS">
          <reporter-output>
          </reporter-output>
        </test-method> <!-- Search -->
      </class> <!-- June_10.A02_fluent_wait -->
    </test> <!-- Default test -->
  </suite> <!-- Default suite -->
</testng-results>
