<?xml version="1.0" encoding="UTF-8"?>
<testng-results ignored="0" total="2" passed="2" failed="0" skipped="0">
  <reporter-output>
    <line>
      <![CDATA[passed]]>
    </line>
    <line>
      <![CDATA[passed]]>
    </line>
  </reporter-output>
  <suite started-at="2026-07-28T20:56:42 IST" name="Default suite" finished-at="2026-07-28T20:56:51 IST" duration-ms="8709">
    <groups>
    </groups>
    <test started-at="2026-07-28T20:56:42 IST" name="Default test" finished-at="2026-07-28T20:56:51 IST" duration-ms="8709">
      <class name="may_28.A02_retry_analyzer2">
        <test-method signature="login(java.lang.String,java.lang.String)[pri:0, instance:may_28.A02_retry_analyzer2@2a266d09]" started-at="2026-07-28T20:56:42 IST" name="login" data-provider="data" finished-at="2026-07-28T20:56:47 IST" duration-ms="4386" status="PASS">
          <params>
            <param index="0">
              <value>
                <![CDATA[dkdhananjay77@gmail.com]]>
              </value>
            </param>
            <param index="1">
              <value>
                <![CDATA[Shubh@15061995]]>
              </value>
            </param>
          </params>
          <reporter-output>
            <line>
              <![CDATA[passed]]>
            </line>
          </reporter-output>
        </test-method> <!-- login -->
        <test-method signature="login(java.lang.String,java.lang.String)[pri:0, instance:may_28.A02_retry_analyzer2@2a266d09]" started-at="2026-07-28T20:56:47 IST" name="login" data-provider="data" finished-at="2026-07-28T20:56:50 IST" duration-ms="3296" status="PASS">
          <params>
            <param index="0">
              <value>
                <![CDATA[deshmukhdhananjay76@gmail.com]]>
              </value>
            </param>
            <param index="1">
              <value>
                <![CDATA[Shubh@1506]]>
              </value>
            </param>
          </params>
          <reporter-output>
            <line>
              <![CDATA[passed]]>
            </line>
          </reporter-output>
        </test-method> <!-- login -->
      </class> <!-- may_28.A02_retry_analyzer2 -->
    </test> <!-- Default test -->
  </suite> <!-- Default suite -->
</testng-results>
