<?xml version="1.0" encoding="UTF-8"?>
<!-- Generated by org.testng.reporters.JUnitXMLReporter -->
<testsuite ignored="1" hostname="LIN-5CD5308HK4" failures="1" tests="21" name="parellel" time="33.035" errors="0" timestamp="2025-12-06T05:39:20 IST">
  <testcase classname="may_20.A03_invocationCount" name="login" time="0.009"/>
  <testcase classname="may_20.A03_invocationCount" name="login" time="0.001"/>
  <testcase classname="may_20.A03_invocationCount" name="login" time="0.002"/>
  <testcase classname="may_20.A02_priority" name="registration" time="0.001"/>
  <testcase classname="may_20.A05_parellel_crossBrowser_testing" name="ChromeLaunch" time="6.605"/>
  <testcase classname="may_20.A05_parellel_crossBrowser_testing" name="EdgeLaunch" time="4.919"/>
  <testcase classname="may_20.A04_timeout" name="brouwserLaunch" time="1.013">
    <failure type="org.testng.internal.thread.ThreadTimeoutException" message="Method may_20.A04_timeout.brouwserLaunch() didn&amp;apos;t finish within the time-out 1000">
      <![CDATA[org.testng.internal.thread.ThreadTimeoutException: Method may_20.A04_timeout.brouwserLaunch() didn't finish within the time-out 1000
at java.base/jdk.internal.misc.Unsafe.park(Native Method)
at java.base/java.util.concurrent.locks.LockSupport.park(LockSupport.java:221)
at java.base/java.util.concurrent.CompletableFuture$Signaller.block(CompletableFuture.java:1864)
at java.base/java.util.concurrent.ForkJoinPool.unmanagedBlock(ForkJoinPool.java:3780)
at java.base/java.util.concurrent.ForkJoinPool.managedBlock(ForkJoinPool.java:3725)
at java.base/java.util.concurrent.CompletableFuture.waitingGet(CompletableFuture.java:1898)
at java.base/java.util.concurrent.CompletableFuture.get(CompletableFuture.java:2072)
at org.openqa.selenium.remote.http.jdk.JdkHttpClient.execute(JdkHttpClient.java:416)
at org.openqa.selenium.remote.ProtocolHandshake.createSession(ProtocolHandshake.java:89)
at org.openqa.selenium.remote.ProtocolHandshake.createSession(ProtocolHandshake.java:75)
at org.openqa.selenium.remote.ProtocolHandshake.createSession(ProtocolHandshake.java:61)
at org.openqa.selenium.remote.HttpCommandExecutor.execute(HttpCommandExecutor.java:187)
at org.openqa.selenium.remote.service.DriverCommandExecutor.invokeExecute(DriverCommandExecutor.java:216)
at org.openqa.selenium.remote.service.DriverCommandExecutor.execute(DriverCommandExecutor.java:174)
at org.openqa.selenium.remote.RemoteWebDriver.execute(RemoteWebDriver.java:557)
at org.openqa.selenium.remote.RemoteWebDriver.startSession(RemoteWebDriver.java:246)
at org.openqa.selenium.remote.RemoteWebDriver.<init>(RemoteWebDriver.java:174)
at org.openqa.selenium.chromium.ChromiumDriver.<init>(ChromiumDriver.java:99)
at org.openqa.selenium.edge.EdgeDriver.<init>(EdgeDriver.java:60)
at org.openqa.selenium.edge.EdgeDriver.<init>(EdgeDriver.java:56)
at org.openqa.selenium.edge.EdgeDriver.<init>(EdgeDriver.java:48)
at org.openqa.selenium.edge.EdgeDriver.<init>(EdgeDriver.java:44)
at may_20.A04_timeout.brouwserLaunch(A04_timeout.java:10)
at java.base/java.util.concurrent.FutureTask.run(FutureTask.java:317)
at java.base/java.util.concurrent.ThreadPoolExecutor.runWorker(ThreadPoolExecutor.java:1144)
at java.base/java.util.concurrent.ThreadPoolExecutor$Worker.run(ThreadPoolExecutor.java:642)
at java.base/java.lang.Thread.run(Thread.java:1583)
... Removed 6 stack frames]]>
    </failure>
  </testcase> <!-- brouwserLaunch -->
  <testcase classname="may_20.A05_parellel_crossBrowser_testing" name="brouwserLaunch" time="13.831"/>
  <testcase classname="may_19.A01_first_program" name="login" time="0.001"/>
  <testcase classname="may_20.A01_order_of_execution" name="login" time="0.002"/>
  <testcase classname="may_20.A01_order_of_execution" name="logout" time="0.001"/>
  <testcase classname="may_20.A01_order_of_execution" name="registration" time="0.001"/>
  <testcase classname="may_20.A02_priority" name="signup" time="0.001"/>
  <testcase classname="may_20.A02_priority" name="slogin" time="0.0"/>
  <testcase classname="may_19.A03_testng_annotations" name="test" time="0.002"/>
  <testcase classname="may_19.A03_testng_annotations" name="test1" time="0.003"/>
  <testcase classname="may_19.A02_login_practice" name="withValidCreds" time="6.549"/>
  <testcase classname="may_20.A02_priority" name="addToCart" time="0.001"/>
  <testcase classname="may_20.A02_priority" name="checkoutPage" time="0.001"/>
  <testcase classname="may_20.A02_priority" name="logout" time="0.001"/>
  <testcase classname="may_20.A03_invocationCount" name="logout" time="0.001"/>
  <testcase classname="may_20.A03_invocationCount" name="registration" time="0.0">
    <ignored/>
  </testcase> <!-- registration -->
</testsuite> <!-- parellel -->
