<?xml version="1.0" encoding="UTF-8"?>
<!-- Generated by org.testng.reporters.JUnitReportReporter -->
<testsuite hostname="Dnyan" failures="0" tests="1" name="may_30_testcases.C_May_30_loginPage" time="4.915" errors="0" timestamp="2026-08-01T05:53:15 IST" skipped="0">
  <testcase classname="may_30_testcases.C_May_30_loginPage" name="loginPage" time="4.915">
    <system-out>
      <![CDATA[passed
D:\Automation_practice\AutomationPractice\Selenium_maven_using_POM//reports//loginPage.pngfailed]]>
    </system-out>
  </testcase> <!-- loginPage -->
  <system-out>
    <![CDATA[passed
D:\Automation_practice\AutomationPractice\Selenium_maven_using_POM//reports//loginPage.pngfailed
passed
D:\Automation_practice\AutomationPractice\Selenium_maven_using_POM//reports//addToCart.pngfailed]]>
  </system-out>
</testsuite> <!-- may_30_testcases.C_May_30_loginPage -->
