<?xml version="1.0" encoding="UTF-8"?>
<!-- Generated by org.testng.reporters.JUnitReportReporter -->
<testsuite hostname="Dnyan" failures="0" tests="1" name="may_30_testcases.C_May_30_loginPage" time="3.494" errors="0" timestamp="2026-08-01T04:29:08 IST" skipped="0">
  <testcase classname="may_30_testcases.C_May_30_loginPage" name="loginPage" time="3.494">
    <system-out>
      <![CDATA[passed]]>
    </system-out>
  </testcase> <!-- loginPage -->
  <system-out>
    <![CDATA[passed
passed]]>
  </system-out>
</testsuite> <!-- may_30_testcases.C_May_30_loginPage -->
