<?xml version="1.0" encoding="UTF-8"?>
<!-- Generated by org.testng.reporters.JUnitReportReporter -->
<testsuite hostname="Dnyan" failures="0" tests="1" name="may_30_testcases.E_June_4_add_to_cart" time="6.115" errors="0" timestamp="2026-08-01T06:27:37 IST" skipped="0">
  <testcase classname="may_30_testcases.E_June_4_add_to_cart" name="addToCart" time="6.115">
    <system-out>
      <![CDATA[passed............]]>
    </system-out>
  </testcase> <!-- addToCart -->
  <system-out>
    <![CDATA[[TestResult name=loginPage status=FAILURE method=C_May_30_loginPage.loginPage()[pri:0, instance:may_30_testcases.C_May_30_loginPage@f5ac9e4] output={null}]failed................
passed............]]>
  </system-out>
</testsuite> <!-- may_30_testcases.E_June_4_add_to_cart -->
