<?xml version="1.0" encoding="UTF-8"?>
<!-- Generated by org.testng.reporters.JUnitReportReporter -->
<testsuite hostname="Dnyan" failures="0" tests="1" name="may_30_testcases.E_June_4_add_to_cart" time="5.923" errors="0" timestamp="2026-08-01T04:36:44 IST" skipped="0">
  <testcase classname="may_30_testcases.E_June_4_add_to_cart" name="addToCart" time="5.923">
    <system-out>
      <![CDATA[passed]]>
    </system-out>
  </testcase> <!-- addToCart -->
  <system-out>
    <![CDATA[passed
passed]]>
  </system-out>
</testsuite> <!-- may_30_testcases.E_June_4_add_to_cart -->
