<?xml version="1.0" encoding="UTF-8"?>
<!-- Generated by org.testng.reporters.JUnitXMLReporter -->
<testsuite ignored="0" hostname="Dnyan" failures="1" tests="1" name="Default test" time="15.186" errors="0" timestamp="2026-09-06T18:09:36 IST">
  <testcase classname="testCases_step3.Testcase3_search_product" name="searchProduct" time="13.801">
    <failure type="org.openqa.selenium.TimeoutException" message="Expected condition failed: waiting for visibility of all [[[ChromeDriver: chrome on windows (dc1b0315af7d8a5859dc8d08b824e9a6)] -&amp;gt; xpath: //h3[@class=&amp;apos;t4s-product-title&amp;apos;]/child::a], [[ChromeDriver: chrome on windows (dc1b0315af7d8a5859dc8d08b824e9a6)] -&amp;gt; xpath: //h3[@class=&amp;apos;t4s-product-title&amp;apos;]/child::a], [[ChromeDriver: chrome on windows (dc1b0315af7d8a5859dc8d08b824e9a6)] -&amp;gt; xpath: //h3[@class=&amp;apos;t4s-product-title&amp;apos;]/child::a], [[ChromeDriver: chrome on windows (dc1b0315af7d8a5859dc8d08b824e9a6)] -&amp;gt; xpath: //h3[@class=&amp;apos;t4s-product-title&amp;apos;]/child::a], [[ChromeDriver: chrome on windows (dc1b0315af7d8a5859dc8d08b824e9a6)] -&amp;gt; xpath: //h3[@class=&amp;apos;t4s-product-title&amp;apos;]/child::a], [[ChromeDriver: chrome on windows (dc1b0315af7d8a5859dc8d08b824e9a6)] -&amp;gt; xpath: //h3[@class=&amp;apos;t4s-product-title&amp;apos;]/child::a], [[ChromeDriver: chrome on windows (dc1b0315af7d8a5859dc8d08b824e9a6)] -&amp;gt; xpath: //h3[@class=&amp;apos;t4s-product-title&amp;apos;]/child::a], [[ChromeDriver: chrome on windows (dc1b0315af7d8a5859dc8d08b824e9a6)] -&amp;gt; xpath: //h3[@class=&amp;apos;t4s-product-title&amp;apos;]/child::a], [[ChromeDriver: chrome on windows (dc1b0315af7d8a5859dc8d08b824e9a6)] -&amp;gt; xpath: //h3[@class=&amp;apos;t4s-product-title&amp;apos;]/child::a], [[ChromeDriver: chrome on windows (dc1b0315af7d8a5859dc8d08b824e9a6)] -&amp;gt; xpath: //h3[@class=&amp;apos;t4s-product-title&amp;apos;]/child::a], [[ChromeDriver: chrome on windows (dc1b0315af7d8a5859dc8d08b824e9a6)] -&amp;gt; xpath: //h3[@class=&amp;apos;t4s-product-title&amp;apos;]/child::a], [[ChromeDriver: chrome on windows (dc1b0315af7d8a5859dc8d08b824e9a6)] -&amp;gt; xpath: //h3[@class=&amp;apos;t4s-product-title&amp;apos;]/child::a], [[ChromeDriver: chrome on windows (dc1b0315af7d8a5859dc8d08b824e9a6)] -&amp;gt; xpath: //h3[@class=&amp;apos;t4s-product-title&amp;apos;]/child::a], [[ChromeDriver: chrome on windows (dc1b0315af7d8a5859dc8d08b824e9a6)] -&amp;gt; xpath: //h3[@class=&amp;apos;t4s-product-title&amp;apos;]/child::a], [[ChromeDriver: chrome on windows (dc1b0315af7d8a5859dc8d08b824e9a6)] -&amp;gt; xpath: //h3[@class=&amp;apos;t4s-product-title&amp;apos;]/child::a], [[ChromeDriver: chrome on windows (dc1b0315af7d8a5859dc8d08b824e9a6)] -&amp;gt; xpath: //h3[@class=&amp;apos;t4s-product-title&amp;apos;]/child::a], [[ChromeDriver: chrome on windows (dc1b0315af7d8a5859dc8d08b824e9a6)] -&amp;gt; xpath: //h3[@class=&amp;apos;t4s-product-title&amp;apos;]/child::a], [[ChromeDriver: chrome on windows (dc1b0315af7d8a5859dc8d08b824e9a6)] -&amp;gt; xpath: //h3[@class=&amp;apos;t4s-product-title&amp;apos;]/child::a], [[ChromeDriver: chrome on windows (dc1b0315af7d8a5859dc8d08b824e9a6)] -&amp;gt; xpath: //h3[@class=&amp;apos;t4s-product-title&amp;apos;]/child::a], [[ChromeDriver: chrome on windows (dc1b0315af7d8a5859dc8d08b824e9a6)] -&amp;gt; xpath: //h3[@class=&amp;apos;t4s-product-title&amp;apos;]/child::a], [[ChromeDriver: chrome on windows (dc1b0315af7d8a5859dc8d08b824e9a6)] -&amp;gt; xpath: //h3[@class=&amp;apos;t4s-product-title&amp;apos;]/child::a], [[ChromeDriver: chrome on windows (dc1b0315af7d8a5859dc8d08b824e9a6)] -&amp;gt; xpath: //h3[@class=&amp;apos;t4s-product-title&amp;apos;]/child::a], [[ChromeDriver: chrome on windows (dc1b0315af7d8a5859dc8d08b824e9a6)] -&amp;gt; xpath: //h3[@class=&amp;apos;t4s-product-title&amp;apos;]/child::a], [[ChromeDriver: chrome on windows (dc1b0315af7d8a5859dc8d08b824e9a6)] -&amp;gt; xpath: //h3[@class=&amp;apos;t4s-product-title&amp;apos;]/child::a], [[ChromeDriver: chrome on windows (dc1b0315af7d8a5859dc8d08b824e9a6)] -&amp;gt; xpath: //h3[@class=&amp;apos;t4s-product-title&amp;apos;]/child::a], [[ChromeDriver: chrome on windows (dc1b0315af7d8a5859dc8d08b824e9a6)] -&amp;gt; xpath: //h3[@class=&amp;apos;t4s-product-title&amp;apos;]/child::a], [[ChromeDriver: chrome on windows (dc1b0315af7d8a5859dc8d08b824e9a6)] -&amp;gt; xpath: //h3[@class=&amp;apos;t4s-product-title&amp;apos;]/child::a], [[ChromeDriver: chrome on windows (dc1b0315af7d8a5859dc8d08b824e9a6)] -&amp;gt; xpath: //h3[@class=&amp;apos;t4s-product-title&amp;apos;]/child::a], [[ChromeDriver: chrome on windows (dc1b0315af7d8a5859dc8d08b824e9a6)] -&amp;gt; xpath: //h3[@class=&amp;apos;t4s-product-title&amp;apos;]/child::a], [[ChromeDriver: chrome on windows (dc1b0315af7d8a5859dc8d08b824e9a6)] -&amp;gt; xpath: //h3[@class=&amp;apos;t4s-product-title&amp;apos;]/child::a], [[ChromeDriver: chrome on windows (dc1b0315af7d8a5859dc8d08b824e9a6)] -&amp;gt; xpath: //h3[@class=&amp;apos;t4s-product-title&amp;apos;]/child::a], [[ChromeDriver: chrome on windows (dc1b0315af7d8a5859dc8d08b824e9a6)] -&amp;gt; xpath: //h3[@class=&amp;apos;t4s-product-title&amp;apos;]/child::a], [[ChromeDriver: chrome on windows (dc1b0315af7d8a5859dc8d08b824e9a6)] -&amp;gt; xpath: //h3[@class=&amp;apos;t4s-product-title&amp;apos;]/child::a], [[ChromeDriver: chrome on windows (dc1b0315af7d8a5859dc8d08b824e9a6)] -&amp;gt; xpath: //h3[@class=&amp;apos;t4s-product-title&amp;apos;]/child::a], [[ChromeDriver: chrome on windows (dc1b0315af7d8a5859dc8d08b824e9a6)] -&amp;gt; xpath: //h3[@class=&amp;apos;t4s-product-title&amp;apos;]/child::a]] (tried for 10 second(s) with 500 milliseconds interval)
Build info: version: &amp;apos;4.35.0&amp;apos;, revision: &amp;apos;1c58e5028b&amp;apos;
System info: os.name: &amp;apos;Windows 11&amp;apos;, os.arch: &amp;apos;amd64&amp;apos;, os.version: &amp;apos;10.0&amp;apos;, java.version: &amp;apos;21.0.11&amp;apos;
Driver info: org.openqa.selenium.chrome.ChromeDriver
Capabilities {acceptInsecureCerts: false, browserName: chrome, browserVersion: 152.0.7977.83, chrome: {chromedriverVersion: 152.0.7977.82 (d04cdb24d67b..., userDataDir: C:\Users\DNYANE~1\AppData\L...}, fedcm:accounts: true, goog:chromeOptions: {debuggerAddress: localhost:58716}, goog:processID: 34008, networkConnectionEnabled: false, pageLoadStrategy: normal, platformName: windows, proxy: Proxy(), se:cdp: ws://localhost:58716/devtoo..., se:cdpVersion: 152.0.7977.83, setWindowRect: true, strictFileInteractability: false, timeouts: {implicit: 0, pageLoad: 300000, script: 30000}, unhandledPromptBehavior: dismiss and notify, webauthn:extension:credBlob: true, webauthn:extension:largeBlob: true, webauthn:extension:minPinLength: true, webauthn:extension:prf: true, webauthn:virtualAuthenticators: true}
Session ID: dc1b0315af7d8a5859dc8d08b824e9a6">
      <![CDATA[org.openqa.selenium.TimeoutException: Expected condition failed: waiting for visibility of all [[[ChromeDriver: chrome on windows (dc1b0315af7d8a5859dc8d08b824e9a6)] -> xpath: //h3[@class='t4s-product-title']/child::a], [[ChromeDriver: chrome on windows (dc1b0315af7d8a5859dc8d08b824e9a6)] -> xpath: //h3[@class='t4s-product-title']/child::a], [[ChromeDriver: chrome on windows (dc1b0315af7d8a5859dc8d08b824e9a6)] -> xpath: //h3[@class='t4s-product-title']/child::a], [[ChromeDriver: chrome on windows (dc1b0315af7d8a5859dc8d08b824e9a6)] -> xpath: //h3[@class='t4s-product-title']/child::a], [[ChromeDriver: chrome on windows (dc1b0315af7d8a5859dc8d08b824e9a6)] -> xpath: //h3[@class='t4s-product-title']/child::a], [[ChromeDriver: chrome on windows (dc1b0315af7d8a5859dc8d08b824e9a6)] -> xpath: //h3[@class='t4s-product-title']/child::a], [[ChromeDriver: chrome on windows (dc1b0315af7d8a5859dc8d08b824e9a6)] -> xpath: //h3[@class='t4s-product-title']/child::a], [[ChromeDriver: chrome on windows (dc1b0315af7d8a5859dc8d08b824e9a6)] -> xpath: //h3[@class='t4s-product-title']/child::a], [[ChromeDriver: chrome on windows (dc1b0315af7d8a5859dc8d08b824e9a6)] -> xpath: //h3[@class='t4s-product-title']/child::a], [[ChromeDriver: chrome on windows (dc1b0315af7d8a5859dc8d08b824e9a6)] -> xpath: //h3[@class='t4s-product-title']/child::a], [[ChromeDriver: chrome on windows (dc1b0315af7d8a5859dc8d08b824e9a6)] -> xpath: //h3[@class='t4s-product-title']/child::a], [[ChromeDriver: chrome on windows (dc1b0315af7d8a5859dc8d08b824e9a6)] -> xpath: //h3[@class='t4s-product-title']/child::a], [[ChromeDriver: chrome on windows (dc1b0315af7d8a5859dc8d08b824e9a6)] -> xpath: //h3[@class='t4s-product-title']/child::a], [[ChromeDriver: chrome on windows (dc1b0315af7d8a5859dc8d08b824e9a6)] -> xpath: //h3[@class='t4s-product-title']/child::a], [[ChromeDriver: chrome on windows (dc1b0315af7d8a5859dc8d08b824e9a6)] -> xpath: //h3[@class='t4s-product-title']/child::a], [[ChromeDriver: chrome on windows (dc1b0315af7d8a5859dc8d08b824e9a6)] -> xpath: //h3[@class='t4s-product-title']/child::a], [[ChromeDriver: chrome on windows (dc1b0315af7d8a5859dc8d08b824e9a6)] -> xpath: //h3[@class='t4s-product-title']/child::a], [[ChromeDriver: chrome on windows (dc1b0315af7d8a5859dc8d08b824e9a6)] -> xpath: //h3[@class='t4s-product-title']/child::a], [[ChromeDriver: chrome on windows (dc1b0315af7d8a5859dc8d08b824e9a6)] -> xpath: //h3[@class='t4s-product-title']/child::a], [[ChromeDriver: chrome on windows (dc1b0315af7d8a5859dc8d08b824e9a6)] -> xpath: //h3[@class='t4s-product-title']/child::a], [[ChromeDriver: chrome on windows (dc1b0315af7d8a5859dc8d08b824e9a6)] -> xpath: //h3[@class='t4s-product-title']/child::a], [[ChromeDriver: chrome on windows (dc1b0315af7d8a5859dc8d08b824e9a6)] -> xpath: //h3[@class='t4s-product-title']/child::a], [[ChromeDriver: chrome on windows (dc1b0315af7d8a5859dc8d08b824e9a6)] -> xpath: //h3[@class='t4s-product-title']/child::a], [[ChromeDriver: chrome on windows (dc1b0315af7d8a5859dc8d08b824e9a6)] -> xpath: //h3[@class='t4s-product-title']/child::a], [[ChromeDriver: chrome on windows (dc1b0315af7d8a5859dc8d08b824e9a6)] -> xpath: //h3[@class='t4s-product-title']/child::a], [[ChromeDriver: chrome on windows (dc1b0315af7d8a5859dc8d08b824e9a6)] -> xpath: //h3[@class='t4s-product-title']/child::a], [[ChromeDriver: chrome on windows (dc1b0315af7d8a5859dc8d08b824e9a6)] -> xpath: //h3[@class='t4s-product-title']/child::a], [[ChromeDriver: chrome on windows (dc1b0315af7d8a5859dc8d08b824e9a6)] -> xpath: //h3[@class='t4s-product-title']/child::a], [[ChromeDriver: chrome on windows (dc1b0315af7d8a5859dc8d08b824e9a6)] -> xpath: //h3[@class='t4s-product-title']/child::a], [[ChromeDriver: chrome on windows (dc1b0315af7d8a5859dc8d08b824e9a6)] -> xpath: //h3[@class='t4s-product-title']/child::a], [[ChromeDriver: chrome on windows (dc1b0315af7d8a5859dc8d08b824e9a6)] -> xpath: //h3[@class='t4s-product-title']/child::a], [[ChromeDriver: chrome on windows (dc1b0315af7d8a5859dc8d08b824e9a6)] -> xpath: //h3[@class='t4s-product-title']/child::a], [[ChromeDriver: chrome on windows (dc1b0315af7d8a5859dc8d08b824e9a6)] -> xpath: //h3[@class='t4s-product-title']/child::a], [[ChromeDriver: chrome on windows (dc1b0315af7d8a5859dc8d08b824e9a6)] -> xpath: //h3[@class='t4s-product-title']/child::a], [[ChromeDriver: chrome on windows (dc1b0315af7d8a5859dc8d08b824e9a6)] -> xpath: //h3[@class='t4s-product-title']/child::a]] (tried for 10 second(s) with 500 milliseconds interval)
Build info: version: '4.35.0', revision: '1c58e5028b'
System info: os.name: 'Windows 11', os.arch: 'amd64', os.version: '10.0', java.version: '21.0.11'
Driver info: org.openqa.selenium.chrome.ChromeDriver
Capabilities {acceptInsecureCerts: false, browserName: chrome, browserVersion: 152.0.7977.83, chrome: {chromedriverVersion: 152.0.7977.82 (d04cdb24d67b..., userDataDir: C:\Users\DNYANE~1\AppData\L...}, fedcm:accounts: true, goog:chromeOptions: {debuggerAddress: localhost:58716}, goog:processID: 34008, networkConnectionEnabled: false, pageLoadStrategy: normal, platformName: windows, proxy: Proxy(), se:cdp: ws://localhost:58716/devtoo..., se:cdpVersion: 152.0.7977.83, setWindowRect: true, strictFileInteractability: false, timeouts: {implicit: 0, pageLoad: 300000, script: 30000}, unhandledPromptBehavior: dismiss and notify, webauthn:extension:credBlob: true, webauthn:extension:largeBlob: true, webauthn:extension:minPinLength: true, webauthn:extension:prf: true, webauthn:virtualAuthenticators: true}
Session ID: dc1b0315af7d8a5859dc8d08b824e9a6
at org.openqa.selenium.support.ui.WebDriverWait.timeoutException(WebDriverWait.java:84)
at org.openqa.selenium.support.ui.FluentWait.until(FluentWait.java:228)
at abstract_components.WebDriverwait.waitForElement1(WebDriverwait.java:49)
at pom.Search_prod.prods1(Search_prod.java:47)
at testCases_step3.Testcase3_search_product.searchProduct(Testcase3_search_product.java:20)
at java.base/jdk.internal.reflect.DirectMethodHandleAccessor.invoke(DirectMethodHandleAccessor.java:103)
at java.base/java.lang.reflect.Method.invoke(Method.java:580)
at org.testng.internal.invokers.MethodInvocationHelper.invokeMethod(MethodInvocationHelper.java:141)
at org.testng.internal.invokers.TestInvoker.invokeMethod(TestInvoker.java:687)
at org.testng.internal.invokers.TestInvoker.invokeTestMethod(TestInvoker.java:230)
at org.testng.internal.invokers.MethodRunner.runInSequence(MethodRunner.java:63)
at org.testng.internal.invokers.TestInvoker$MethodInvocationAgent.invoke(TestInvoker.java:995)
at org.testng.internal.invokers.TestInvoker.invokeTestMethods(TestInvoker.java:203)
at org.testng.internal.invokers.TestMethodWorker.invokeTestMethods(TestMethodWorker.java:154)
at org.testng.internal.invokers.TestMethodWorker.run(TestMethodWorker.java:134)
at java.base/java.util.ArrayList.forEach(ArrayList.java:1596)
at org.testng.TestRunner.privateRun(TestRunner.java:741)
at org.testng.TestRunner.run(TestRunner.java:616)
at org.testng.SuiteRunner.runTest(SuiteRunner.java:421)
at org.testng.SuiteRunner.runSequentially(SuiteRunner.java:413)
at org.testng.SuiteRunner.privateRun(SuiteRunner.java:373)
at org.testng.SuiteRunner.run(SuiteRunner.java:312)
at org.testng.SuiteRunnerWorker.runSuite(SuiteRunnerWorker.java:52)
at org.testng.SuiteRunnerWorker.run(SuiteRunnerWorker.java:95)
at org.testng.TestNG.runSuitesSequentially(TestNG.java:1274)
at org.testng.TestNG.runSuitesLocally(TestNG.java:1208)
at org.testng.TestNG.runSuites(TestNG.java:1112)
at org.testng.TestNG.run(TestNG.java:1079)
at org.testng.remote.AbstractRemoteTestNG.run(AbstractRemoteTestNG.java:115)
at org.testng.remote.RemoteTestNG.initAndRun(RemoteTestNG.java:293)
at org.testng.remote.RemoteTestNG.main(RemoteTestNG.java:91)
]]>
    </failure>
  </testcase> <!-- searchProduct -->
</testsuite> <!-- Default test -->
