<?xml version="1.0" encoding="UTF-8"?>
<!-- Generated by org.testng.reporters.JUnitXMLReporter -->
<testsuite ignored="0" hostname="LIN-5CD5308HK4" failures="0" tests="3" name="login" time="19.44" errors="0" timestamp="2025-12-06T05:57:48 IST">
  <testcase classname="may_20.A05_parellel_crossBrowser_testing" name="ChromeLaunch" time="5.719"/>
  <testcase classname="may_20.A05_parellel_crossBrowser_testing" name="EdgeLaunch" time="4.913"/>
  <testcase classname="may_20.A05_parellel_crossBrowser_testing" name="brouwserLaunch" time="8.748"/>
</testsuite> <!-- login -->
