<?xml version="1.0" encoding="UTF-8"?>
<!-- Generated by org.testng.reporters.JUnitReportReporter -->
<testsuite hostname="Dnyan" failures="0" tests="2" name="testCases_step3.testCase1_registration" time="10.991" errors="0" timestamp="2026-09-05T21:06:44 IST" skipped="0">
  <testcase classname="testCases_step3.testCase1_registration" name="registration" time="5.264"/>
  <testcase classname="testCases_step3.testCase1_registration" name="login" time="5.727"/>
</testsuite> <!-- testCases_step3.testCase1_registration -->
