<?xml version="1.0" encoding="UTF-8"?>
<testng-results ignored="0" total="1" passed="1" failed="0" skipped="0">
  <reporter-output>
  </reporter-output>
  <suite started-at="2026-08-01T03:26:50 IST" name="Default suite" finished-at="2026-08-01T03:26:57 IST" duration-ms="6546">
    <groups>
    </groups>
    <test started-at="2026-08-01T03:26:50 IST" name="Default test" finished-at="2026-08-01T03:26:57 IST" duration-ms="6546">
      <class name="may_30_testcases.E_June_4_add_to_cart">
        <test-method is-config="true" signature="launchApplication1()[pri:0, instance:may_30_testcases.E_June_4_add_to_cart@5fbe4146]" started-at="2026-08-01T03:26:50 IST" name="launchApplication1" finished-at="2026-08-01T03:26:51 IST" duration-ms="1137" status="PASS">
          <reporter-output>
          </reporter-output>
        </test-method> <!-- launchApplication1 -->
        <test-method signature="addToCart()[pri:0, instance:may_30_testcases.E_June_4_add_to_cart@5fbe4146]" started-at="2026-08-01T03:26:51 IST" name="addToCart" finished-at="2026-08-01T03:26:56 IST" duration-ms="5082" status="PASS">
          <reporter-output>
          </reporter-output>
        </test-method> <!-- addToCart -->
        <test-method is-config="true" signature="tearDown()[pri:0, instance:may_30_testcases.E_June_4_add_to_cart@5fbe4146]" started-at="2026-08-01T03:26:56 IST" name="tearDown" finished-at="2026-08-01T03:26:57 IST" duration-ms="300" status="PASS">
          <reporter-output>
          </reporter-output>
        </test-method> <!-- tearDown -->
      </class> <!-- may_30_testcases.E_June_4_add_to_cart -->
    </test> <!-- Default test -->
  </suite> <!-- Default suite -->
</testng-results>
