<?xml version="1.0" encoding="UTF-8"?>
<!-- Generated by org.testng.reporters.JUnitReportReporter -->
<testsuite hostname="LIN-5CD5308HK4" failures="0" tests="5" name="may_20.A03_invocationCount" time="0.013" errors="0" timestamp="2025-12-06T05:39:20 IST" skipped="1">
  <testcase classname="may_20.A03_invocationCount" name="login" time="0.009"/>
  <testcase classname="may_20.A03_invocationCount" name="login" time="0.002"/>
  <testcase classname="may_20.A03_invocationCount" name="login" time="0.001"/>
  <testcase classname="may_20.A03_invocationCount" name="logout" time="0.001"/>
  <testcase classname="may_20.A03_invocationCount" name="registration">
    <skipped/>
  </testcase> <!-- registration -->
</testsuite> <!-- may_20.A03_invocationCount -->
