<?xml version="1.0" encoding="UTF-8"?>
<!-- Generated by org.testng.reporters.JUnitReportReporter -->
<testsuite hostname="LIN-5CD5308HK4" failures="0" tests="2" name="may_20.A05_parellel_crossBrowser_testing2" time="5.857" errors="0" timestamp="2025-12-06T12:29:11 IST" skipped="0">
  <testcase classname="may_20.A05_parellel_crossBrowser_testing2" name="EdgeLaunch" time="5.844"/>
  <testcase classname="may_20.A05_parellel_crossBrowser_testing2" name="ChromeLaunch" time="0.013"/>
</testsuite> <!-- may_20.A05_parellel_crossBrowser_testing2 -->
