<?xml version="1.0" encoding="UTF-8"?>
<!-- Generated by org.testng.reporters.JUnitReportReporter -->
<testsuite hostname="LIN-5CD5308HK4" failures="0" tests="3" name="may_20.A05_parellel_crossBrowser_testing" time="19.380" errors="0" timestamp="2025-12-06T05:57:48 IST" skipped="0">
  <testcase classname="may_20.A05_parellel_crossBrowser_testing" name="EdgeLaunch" time="4.913"/>
  <testcase classname="may_20.A05_parellel_crossBrowser_testing" name="brouwserLaunch" time="8.748"/>
  <testcase classname="may_20.A05_parellel_crossBrowser_testing" name="ChromeLaunch" time="5.719"/>
</testsuite> <!-- may_20.A05_parellel_crossBrowser_testing -->
