<?xml version="1.0" encoding="UTF-8"?>
<!-- Generated by org.testng.reporters.JUnitReportReporter -->
<testsuite hostname="LIN-5CD5308HK4" failures="0" tests="8" name="may26.A02_data_provider_annotation" time="56.892" errors="0" timestamp="2025-12-21T06:15:38 IST" skipped="0">
  <testcase classname="may26.A02_data_provider_annotation" name="Search" time="8.491"/>
  <testcase classname="may26.A02_data_provider_annotation" name="Search" time="6.621"/>
  <testcase classname="may26.A02_data_provider_annotation" name="Search" time="6.915"/>
  <testcase classname="may26.A02_data_provider_annotation" name="Search" time="7.338"/>
  <testcase classname="may26.A02_data_provider_annotation" name="Search" time="6.588"/>
  <testcase classname="may26.A02_data_provider_annotation" name="Search" time="6.933"/>
  <testcase classname="may26.A02_data_provider_annotation" name="Search" time="6.485"/>
  <testcase classname="may26.A02_data_provider_annotation" name="Search" time="7.521"/>
</testsuite> <!-- may26.A02_data_provider_annotation -->
