<?xml version="1.0" encoding="UTF-8"?>
<!-- Generated by org.testng.reporters.JUnitReportReporter -->
<testsuite hostname="Dnyan" failures="0" tests="2" name="may_28.A02_retry_analyzer2" time="9.560" errors="0" timestamp="2026-07-28T17:19:39 IST" skipped="0">
  <testcase classname="may_28.A02_retry_analyzer2" name="login" time="3.684">
    <system-out>
      <![CDATA[passed]]>
    </system-out>
  </testcase> <!-- login -->
  <testcase classname="may_28.A02_retry_analyzer2" name="login" time="5.876">
    <system-out>
      <![CDATA[passed]]>
    </system-out>
  </testcase> <!-- login -->
  <system-out>
    <![CDATA[passed
passed]]>
  </system-out>
</testsuite> <!-- may_28.A02_retry_analyzer2 -->
