<?xml version="1.0" encoding="UTF-8"?>
<!-- Generated by org.testng.reporters.JUnitReportReporter -->
<testsuite hostname="LIN-5CD5308HK4" failures="0" tests="2" name="may_22.A03_testcase2_4_login_logout" time="26.592" errors="0" timestamp="2025-12-20T18:02:34 IST" skipped="0">
  <testcase classname="may_22.A03_testcase2_4_login_logout" name="login_logout" time="14.024"/>
  <testcase classname="may_22.A03_testcase2_4_login_logout" name="login" time="12.568"/>
</testsuite> <!-- may_22.A03_testcase2_4_login_logout -->
