<?xml version="1.0" encoding="UTF-8"?>
<!-- Generated by org.testng.reporters.JUnitReportReporter -->
<testsuite hostname="LIN-5CD5308HK4" failures="0" tests="6" name="may_20.A02_priority" time="0.005" errors="0" timestamp="2025-12-06T05:39:20 IST" skipped="0">
  <testcase classname="may_20.A02_priority" name="registration" time="0.001"/>
  <testcase classname="may_20.A02_priority" name="slogin" time="0.000"/>
  <testcase classname="may_20.A02_priority" name="signup" time="0.001"/>
  <testcase classname="may_20.A02_priority" name="addToCart" time="0.001"/>
  <testcase classname="may_20.A02_priority" name="checkoutPage" time="0.001"/>
  <testcase classname="may_20.A02_priority" name="logout" time="0.001"/>
</testsuite> <!-- may_20.A02_priority -->
