<?xml version="1.0" encoding="UTF-8"?>
<!-- Generated by org.testng.reporters.JUnitReportReporter -->
<testsuite hostname="Dnyan" failures="0" tests="2" name="may_27.A01_data_provider_two_assertions" time="10.128" errors="0" timestamp="2026-07-28T17:20:57 IST" skipped="0">
  <testcase classname="may_27.A01_data_provider_two_assertions" name="login" time="5.373"/>
  <testcase classname="may_27.A01_data_provider_two_assertions" name="login" time="4.755"/>
</testsuite> <!-- may_27.A01_data_provider_two_assertions -->
