<?xml version="1.0" encoding="UTF-8"?>
<!-- Generated by org.testng.reporters.JUnitReportReporter -->
<testsuite hostname="LIN-5CD5308HK4" failures="0" tests="3" name="may_20.A01_order_of_execution" time="0.007" errors="0" timestamp="2025-12-06T05:39:20 IST" skipped="0">
  <testcase classname="may_20.A01_order_of_execution" name="login" time="0.003"/>
  <testcase classname="may_20.A01_order_of_execution" name="logout" time="0.003"/>
  <testcase classname="may_20.A01_order_of_execution" name="registration" time="0.001"/>
</testsuite> <!-- may_20.A01_order_of_execution -->
