<?xml version="1.0" encoding="UTF-8"?>
<!-- Generated by org.testng.reporters.JUnitXMLReporter -->
<testsuite ignored="0" hostname="Dnyan" failures="1" tests="4" name="Test" time="14.863" errors="0" timestamp="2026-08-01T03:35:38 IST">
  <testcase classname="may_30_testcases.C_May_30_loginPage" name="loginPage" time="2.074">
    <skipped/>
  </testcase> <!-- loginPage -->
  <testcase classname="may_30_testcases.C_May_30_loginPage" name="loginPage" time="1.988">
    <skipped/>
  </testcase> <!-- loginPage -->
  <testcase classname="may_30_testcases.C_May_30_loginPage" name="loginPage" time="1.804">
    <failure type="java.lang.AssertionError" message="True............ expected [Incorrect email or passwor.] but found [Incorrect email or password.]">
      <![CDATA[java.lang.AssertionError: True............ expected [Incorrect email or passwor.] but found [Incorrect email or password.]
at may_30_testcases.C_May_30_loginPage.loginPage(C_May_30_loginPage.java:42)
at java.base/java.util.ArrayList.forEach(ArrayList.java:1596)
... Removed 30 stack frames]]>
    </failure>
  </testcase> <!-- loginPage -->
  <testcase classname="may_30_testcases.E_June_4_add_to_cart" name="addToCart" time="4.366"/>
</testsuite> <!-- Test -->
