<?xml version="1.0" encoding="UTF-8"?>
<!-- Generated by org.testng.reporters.JUnitXMLReporter -->
<testsuite ignored="1" hostname="Dnyan" failures="0" tests="2" name="Test" time="47.209" errors="0" timestamp="2026-09-06T11:04:38 IST">
  <testcase classname="testCases_step3.TestCase1_registration" name="registration" time="23.887"/>
  <testcase classname="testCases_step3.TestCase2_login" name="login" time="20.33"/>
  <testcase classname="testCases_step3.Testcase3_search_product" name="searchProduct" time="0.0">
    <ignored/>
  </testcase> <!-- searchProduct -->
</testsuite> <!-- Test -->
