<?xml version="1.0" encoding="UTF-8"?>
<!-- Generated by org.testng.reporters.JUnitXMLReporter -->
<testsuite ignored="0" hostname="Dnyan" failures="1" tests="2" name="Test" time="3.642" errors="0" timestamp="2026-08-01T05:27:20 IST">
  <testcase classname="may_30_testcases.C_May_30_loginPage" name="loginPage" time="1.71"/>
  <testcase classname="may_30_testcases.C_May_30_loginPage" name="loginPage" time="3.61">
    <failure type="java.lang.NullPointerException" message="Cannot invoke &amp;quot;org.openqa.selenium.TakesScreenshot.getScreenshotAs(org.openqa.selenium.OutputType)&amp;quot; because &amp;quot;sc&amp;quot; is null">
      <![CDATA[java.lang.NullPointerException: Cannot invoke "org.openqa.selenium.TakesScreenshot.getScreenshotAs(org.openqa.selenium.OutputType)" because "sc" is null
at may_30_test_components.B_May_30_base_test.getScreenShot(B_May_30_base_test.java:54)
at may_30_test_components.A03_listners.onTestSuccess(A03_listners.java:26)
at java.base/java.util.ArrayList.forEach(ArrayList.java:1596)
... Removed 28 stack frames]]>
    </failure>
  </testcase> <!-- loginPage -->
</testsuite> <!-- Test -->
