<?xml version="1.0" encoding="UTF-8"?>
<!-- Generated by org.testng.reporters.JUnitXMLReporter -->
<testsuite ignored="0" hostname="Dnyan" failures="0" tests="2" name="Test" time="8.359" errors="0" timestamp="2026-08-01T03:27:30 IST">
  <testcase classname="may_30_testcases.C_May_30_loginPage" name="loginPage" time="1.679">
    <skipped/>
  </testcase> <!-- loginPage -->
  <testcase classname="may_30_testcases.C_May_30_loginPage" name="loginPage" time="1.68">
    <skipped/>
  </testcase> <!-- loginPage -->
</testsuite> <!-- Test -->
