<?xml version="1.0" encoding="UTF-8"?>
<testng-results ignored="0" total="1" passed="1" failed="0" skipped="0">
  <reporter-output>
  </reporter-output>
  <suite started-at="2026-09-07T12:06:55 IST" name="Default suite" finished-at="2026-09-07T12:07:13 IST" duration-ms="17580">
    <groups>
      <group name="regression">
        <method signature="Testcase4_adding_prod_to_card.addProdToCart()[pri:0, instance:testCases_step3.Testcase4_adding_prod_to_card@4c39bec8]" name="addProdToCart" class="testCases_step3.Testcase4_adding_prod_to_card"/>
      </group> <!-- regression -->
    </groups>
    <test started-at="2026-09-07T12:06:55 IST" name="Default test" finished-at="2026-09-07T12:07:13 IST" duration-ms="17580">
      <class name="testCases_step3.Testcase4_adding_prod_to_card">
        <test-method is-config="true" signature="launchApp()[pri:0, instance:testCases_step3.Testcase4_adding_prod_to_card@4c39bec8]" started-at="2026-09-07T12:06:55 IST" name="launchApp" finished-at="2026-09-07T12:06:57 IST" duration-ms="2064" status="PASS">
          <reporter-output>
          </reporter-output>
        </test-method> <!-- launchApp -->
        <test-method signature="addProdToCart()[pri:0, instance:testCases_step3.Testcase4_adding_prod_to_card@4c39bec8]" started-at="2026-09-07T12:06:57 IST" name="addProdToCart" finished-at="2026-09-07T12:07:13 IST" duration-ms="15235" status="PASS">
          <reporter-output>
          </reporter-output>
        </test-method> <!-- addProdToCart -->
        <test-method is-config="true" signature="tearDown()[pri:0, instance:testCases_step3.Testcase4_adding_prod_to_card@4c39bec8]" started-at="2026-09-07T12:07:13 IST" name="tearDown" finished-at="2026-09-07T12:07:13 IST" duration-ms="248" status="PASS">
          <reporter-output>
          </reporter-output>
        </test-method> <!-- tearDown -->
      </class> <!-- testCases_step3.Testcase4_adding_prod_to_card -->
    </test> <!-- Default test -->
  </suite> <!-- Default suite -->
</testng-results>
