<?xml version="1.0" encoding="UTF-8"?>
<testng-results ignored="0" total="2" passed="2" failed="0" skipped="0">
  <reporter-output>
  </reporter-output>
  <suite started-at="2026-09-05T19:56:34 IST" name="Default suite" finished-at="2026-09-05T19:56:45 IST" duration-ms="11680">
    <groups>
    </groups>
    <test started-at="2026-09-05T19:56:34 IST" name="Default test" finished-at="2026-09-05T19:56:45 IST" duration-ms="11680">
      <class name="testCases_step3.testCase1_registration">
        <test-method is-config="true" signature="launchApp()[pri:0, instance:testCases_step3.testCase1_registration@45c7e403]" started-at="2026-09-05T19:56:34 IST" name="launchApp" finished-at="2026-09-05T19:56:35 IST" duration-ms="1163" status="PASS">
          <reporter-output>
          </reporter-output>
        </test-method> <!-- launchApp -->
        <test-method signature="registration(java.lang.String,java.lang.String,java.lang.String,java.lang.String,java.lang.String)[pri:0, instance:testCases_step3.testCase1_registration@45c7e403]" started-at="2026-09-05T19:56:35 IST" name="registration" data-provider="Data" finished-at="2026-09-05T19:56:40 IST" duration-ms="4132" status="PASS">
          <params>
            <param index="0">
              <value>
                <![CDATA[Dhananjay]]>
              </value>
            </param>
            <param index="1">
              <value>
                <![CDATA[Kadam]]>
              </value>
            </param>
            <param index="2">
              <value>
                <![CDATA[dkdhananjay77@gmail.com]]>
              </value>
            </param>
            <param index="3">
              <value>
                <![CDATA[Shubh@15061995]]>
              </value>
            </param>
            <param index="4">
              <value>
                <![CDATA[Skip to content]]>
              </value>
            </param>
          </params>
          <reporter-output>
          </reporter-output>
        </test-method> <!-- registration -->
        <test-method is-config="true" signature="tearDown()[pri:0, instance:testCases_step3.testCase1_registration@45c7e403]" started-at="2026-09-05T19:56:40 IST" name="tearDown" finished-at="2026-09-05T19:56:40 IST" duration-ms="219" status="PASS">
          <reporter-output>
          </reporter-output>
        </test-method> <!-- tearDown -->
        <test-method is-config="true" signature="launchApp()[pri:0, instance:testCases_step3.testCase1_registration@45c7e403]" started-at="2026-09-05T19:56:40 IST" name="launchApp" finished-at="2026-09-05T19:56:41 IST" duration-ms="911" status="PASS">
          <reporter-output>
          </reporter-output>
        </test-method> <!-- launchApp -->
        <test-method signature="login(java.lang.String,java.lang.String,java.lang.String,java.lang.String,java.lang.String)[pri:2, instance:testCases_step3.testCase1_registration@45c7e403]" started-at="2026-09-05T19:56:41 IST" name="login" data-provider="Data" finished-at="2026-09-05T19:56:45 IST" duration-ms="4188" status="PASS">
          <params>
            <param index="0">
              <value>
                <![CDATA[Dhananjay]]>
              </value>
            </param>
            <param index="1">
              <value>
                <![CDATA[Kadam]]>
              </value>
            </param>
            <param index="2">
              <value>
                <![CDATA[dkdhananjay77@gmail.com]]>
              </value>
            </param>
            <param index="3">
              <value>
                <![CDATA[Shubh@15061995]]>
              </value>
            </param>
            <param index="4">
              <value>
                <![CDATA[Skip to content]]>
              </value>
            </param>
          </params>
          <reporter-output>
          </reporter-output>
        </test-method> <!-- login -->
        <test-method is-config="true" signature="tearDown()[pri:0, instance:testCases_step3.testCase1_registration@45c7e403]" started-at="2026-09-05T19:56:45 IST" name="tearDown" finished-at="2026-09-05T19:56:45 IST" duration-ms="359" status="PASS">
          <reporter-output>
          </reporter-output>
        </test-method> <!-- tearDown -->
      </class> <!-- testCases_step3.testCase1_registration -->
    </test> <!-- Default test -->
  </suite> <!-- Default suite -->
</testng-results>
